<?xml version="1.0" encoding="UTF-8"?>
<robot generator="Robot 7.1 (Python 3.11.2 on win32)" generated="2024-10-17T05:00:33.573180" rpa="false" schemaversion="5">
<suite id="s1" name="Test" source="C:\Users\mpn-e\OneDrive\Desktop\Magalu Robot\tests\test.robot">
<test id="s1-t1" name="Casos de teste" line="6">
<kw name="Acessar a página" owner="resource">
<kw name="Open Browser" owner="SeleniumLibrary">
<msg time="2024-10-17T05:00:33.870633" level="INFO">Opening browser 'chrome' to base url 'https://www.magazineluiza.com.br'.</msg>
<arg>url=${URL}</arg>
<arg>browser=${BROWSER}</arg>
<doc>Opens a new browser instance to the optional ``url``.</doc>
<status status="PASS" start="2024-10-17T05:00:33.870633" elapsed="9.324733"/>
</kw>
<status status="PASS" start="2024-10-17T05:00:33.856615" elapsed="9.338751"/>
</kw>
<kw name="Pesquisar produto" owner="resource">
<kw name="Input Text" owner="SeleniumLibrary">
<msg time="2024-10-17T05:00:43.200998" level="INFO">Typing text 'Notebook' into text field 'id:input-search'.</msg>
<arg>locator=id:input-search</arg>
<arg>text=Notebook</arg>
<doc>Types the given ``text`` into the text field identified by ``locator``.</doc>
<status status="PASS" start="2024-10-17T05:00:43.199046" elapsed="0.843205"/>
</kw>
<kw name="Click Element" owner="SeleniumLibrary">
<msg time="2024-10-17T05:00:44.043772" level="INFO">Clicking element '//*[contains(@data-testid, 'search-submit')]'.</msg>
<arg>//*[contains(@data-testid, 'search-submit')]</arg>
<doc>Click the element identified by ``locator``.</doc>
<status status="PASS" start="2024-10-17T05:00:44.042251" elapsed="0.336179"/>
</kw>
<status status="PASS" start="2024-10-17T05:00:43.195366" elapsed="1.183064"/>
</kw>
<kw name="Validar resultado" owner="resource">
<kw name="Wait Until Page Contains" owner="SeleniumLibrary">
<arg>text=Resultados para notebook</arg>
<doc>Waits until ``text`` appears on the current page.</doc>
<status status="PASS" start="2024-10-17T05:00:44.383606" elapsed="6.907133"/>
</kw>
<status status="PASS" start="2024-10-17T05:00:44.382286" elapsed="6.908453"/>
</kw>
<status status="PASS" start="2024-10-17T05:00:33.856615" elapsed="17.435280"/>
</test>
<doc>Teste inicial</doc>
<status status="PASS" start="2024-10-17T05:00:33.573180" elapsed="17.721891"/>
</suite>
<statistics>
<total>
<stat pass="1" fail="0" skip="0">All Tests</stat>
</total>
<tag>
</tag>
<suite>
<stat pass="1" fail="0" skip="0" id="s1" name="Test">Test</stat>
</suite>
</statistics>
<errors>
</errors>
</robot>
