<?xml version="1.0" encoding="UTF-8"?>
<robot generator="Robot 7.1 (Python 3.11.2 on win32)" generated="2024-10-17T06:27:48.711605" rpa="false" schemaversion="5">
<suite id="s1" name="Test" source="C:\Users\mpn-e\OneDrive\Desktop\Magalu Robot\tests\test.robot">
<test id="s1-t1" name="Casos de teste" line="6">
<kw name="Acessar a página" owner="resource">
<kw name="Open Browser" owner="SeleniumLibrary">
<msg time="2024-10-17T06:27:49.045904" level="INFO">Opening browser 'chrome' to base url 'https://www.magazineluiza.com.br'.</msg>
<arg>url=${URL}</arg>
<arg>browser=${BROWSER}</arg>
<doc>Opens a new browser instance to the optional ``url``.</doc>
<status status="PASS" start="2024-10-17T06:27:49.045904" elapsed="8.077897"/>
</kw>
<status status="PASS" start="2024-10-17T06:27:49.045904" elapsed="8.077897"/>
</kw>
<kw name="Pesquisar produto" owner="resource">
<kw name="Input Text" owner="SeleniumLibrary">
<msg time="2024-10-17T06:27:57.126803" level="INFO">Typing text 'Notebook' into text field 'id:input-search'.</msg>
<arg>locator=id:input-search</arg>
<arg>text=Notebook</arg>
<doc>Types the given ``text`` into the text field identified by ``locator``.</doc>
<status status="PASS" start="2024-10-17T06:27:57.125804" elapsed="0.748280"/>
</kw>
<kw name="Click Element" owner="SeleniumLibrary">
<msg time="2024-10-17T06:27:57.875273" level="INFO">Clicking element '//*[contains(@data-testid, 'search-submit')]'.</msg>
<arg>//*[contains(@data-testid, 'search-submit')]</arg>
<doc>Click the element identified by ``locator``.</doc>
<status status="PASS" start="2024-10-17T06:27:57.875273" elapsed="0.385774"/>
</kw>
<status status="PASS" start="2024-10-17T06:27:57.124802" elapsed="1.137241"/>
</kw>
<kw name="Validar resultado" owner="resource">
<kw name="Wait Until Page Contains" owner="SeleniumLibrary">
<arg>text=Resultados para notebook</arg>
<doc>Waits until ``text`` appears on the current page.</doc>
<status status="PASS" start="2024-10-17T06:27:58.266095" elapsed="7.452798"/>
</kw>
<status status="PASS" start="2024-10-17T06:27:58.265046" elapsed="7.453847"/>
</kw>
<status status="PASS" start="2024-10-17T06:27:49.038368" elapsed="16.681041"/>
</test>
<doc>Teste inicial</doc>
<status status="PASS" start="2024-10-17T06:27:48.711605" elapsed="17.009381"/>
</suite>
<statistics>
<total>
<stat pass="1" fail="0" skip="0">All Tests</stat>
</total>
<tag>
</tag>
<suite>
<stat pass="1" fail="0" skip="0" id="s1" name="Test">Test</stat>
</suite>
</statistics>
<errors>
</errors>
</robot>
