<?xml version="1.0" encoding="UTF-8"?>
<robot generator="Robot 7.1 (Python 3.11.2 on win32)" generated="2024-10-17T05:43:12.481689" rpa="false" schemaversion="5">
<suite id="s1" name="Magalu Robot" source="C:\Users\mpn-e\OneDrive\Desktop\Magalu Robot">
<suite id="s1-s1" name="Tests" source="C:\Users\mpn-e\OneDrive\Desktop\Magalu Robot\tests">
<suite id="s1-s1-s1" name="Test" source="C:\Users\mpn-e\OneDrive\Desktop\Magalu Robot\tests\test.robot">
<test id="s1-s1-s1-t1" name="Casos de teste" line="6">
<kw name="Acessar a página" owner="resource">
<kw name="Open Browser" owner="SeleniumLibrary">
<msg time="2024-10-17T05:43:12.948770" level="INFO">Opening browser 'chrome' to base url 'https://www.magazineluiza.com.br'.</msg>
<arg>url=${URL}</arg>
<arg>browser=${BROWSER}</arg>
<doc>Opens a new browser instance to the optional ``url``.</doc>
<status status="PASS" start="2024-10-17T05:43:12.948770" elapsed="12.028204"/>
</kw>
<status status="PASS" start="2024-10-17T05:43:12.945989" elapsed="12.030985"/>
</kw>
<kw name="Pesquisar produto" owner="resource">
<kw name="Input Text" owner="SeleniumLibrary">
<msg time="2024-10-17T05:43:24.985077" level="INFO">Typing text 'Notebook' into text field 'id:input-search'.</msg>
<arg>locator=id:input-search</arg>
<arg>text=Notebook</arg>
<doc>Types the given ``text`` into the text field identified by ``locator``.</doc>
<status status="PASS" start="2024-10-17T05:43:24.982793" elapsed="1.550690"/>
</kw>
<kw name="Click Element" owner="SeleniumLibrary">
<msg time="2024-10-17T05:43:26.534569" level="INFO">Clicking element '//*[contains(@data-testid, 'search-submit')]'.</msg>
<arg>//*[contains(@data-testid, 'search-submit')]</arg>
<doc>Click the element identified by ``locator``.</doc>
<status status="PASS" start="2024-10-17T05:43:26.533483" elapsed="0.996758"/>
</kw>
<status status="PASS" start="2024-10-17T05:43:24.980471" elapsed="2.549770"/>
</kw>
<kw name="Validar resultado" owner="resource">
<kw name="Wait Until Page Contains" owner="SeleniumLibrary">
<arg>text=Resultados para notebook</arg>
<doc>Waits until ``text`` appears on the current page.</doc>
<status status="PASS" start="2024-10-17T05:43:27.535257" elapsed="9.001942"/>
</kw>
<status status="PASS" start="2024-10-17T05:43:27.535257" elapsed="9.001942"/>
</kw>
<status status="PASS" start="2024-10-17T05:43:12.943609" elapsed="23.596124"/>
</test>
<doc>Teste inicial</doc>
<status status="PASS" start="2024-10-17T05:43:12.560381" elapsed="23.994969"/>
</suite>
<status status="PASS" start="2024-10-17T05:43:12.554128" elapsed="24.023930"/>
</suite>
<status status="PASS" start="2024-10-17T05:43:12.498088" elapsed="24.088765"/>
</suite>
<statistics>
<total>
<stat pass="1" fail="0" skip="0">All Tests</stat>
</total>
<tag>
</tag>
<suite>
<stat pass="1" fail="0" skip="0" id="s1" name="Magalu Robot">Magalu Robot</stat>
<stat pass="1" fail="0" skip="0" id="s1-s1" name="Tests">Magalu Robot.Tests</stat>
<stat pass="1" fail="0" skip="0" id="s1-s1-s1" name="Test">Magalu Robot.Tests.Test</stat>
</suite>
</statistics>
<errors>
</errors>
</robot>
